Using pre-set license
Built from '2020.3/release' branch; Version is '2020.3.7f1 (dd97f2c94397) revision 14522354'; Using compiler version '192528614'; Build Type 'Release'
OS: 'Windows 10 Home; OS build 19042.985; Version 2009; 64bit' Language: 'pt' Physical Memory: 16348 MB
BatchMode: 1, IsHumanControllingUs: 0, StartBugReporterOnCrash: 0, Is64bit: 1, IsPro: 0

 COMMAND LINE ARGUMENTS:
D:\Programas\Unity\2020.3.7f1\Editor\Unity.exe
-adb2
-batchMode
-noUpm
-name
AssetImportWorker0
-projectPath
D:/Documentos/Cursos/Unity/2d/intro/Text101/Playing With Sprites
-logFile
Logs/AssetImportWorker0.log
-srvPort
49312
Successfully changed project path to: D:/Documentos/Cursos/Unity/2d/intro/Text101/Playing With Sprites
D:/Documentos/Cursos/Unity/2d/intro/Text101/Playing With Sprites
Using Asset Import Pipeline V2.
Refreshing native plugins compatible for Editor in 34.87 ms, found 1 plugins.
Preloading 0 native plugins for Editor in 0.00 ms.
Initialize engine version: 2020.3.7f1 (dd97f2c94397)
[Subsystems] Discovering subsystems at path D:/Programas/Unity/2020.3.7f1/Editor/Data/Resources/UnitySubsystems
[Subsystems] Discovering subsystems at path D:/Documentos/Cursos/Unity/2d/intro/Text101/Playing With Sprites/Assets
GfxDevice: creating device client; threaded=0
Direct3D:
    Version:  Direct3D 11.0 [level 11.1]
    Renderer: Radeon RX 570 Series (ID=0x67df)
    Vendor:   
    VRAM:     8172 MB
    Driver:   26.20.15002.61
Initialize mono
Mono path[0] = 'D:/Programas/Unity/2020.3.7f1/Editor/Data/Managed'
Mono path[1] = 'D:/Programas/Unity/2020.3.7f1/Editor/Data/MonoBleedingEdge/lib/mono/unityjit'
Mono config path = 'D:/Programas/Unity/2020.3.7f1/Editor/Data/MonoBleedingEdge/etc'
Using monoOptions --debugger-agent=transport=dt_socket,embedding=1,server=y,suspend=n,address=127.0.0.1:56444
Begin MonoManager ReloadAssembly
Registering precompiled unity dll's ...
Register platform support module: D:/Programas/Unity/2020.3.7f1/Editor/Data/PlaybackEngines/WebGLSupport/UnityEditor.WebGL.Extensions.dll
Register platform support module: D:/Programas/Unity/2020.3.7f1/Editor/Data/PlaybackEngines/WindowsStandaloneSupport/UnityEditor.WindowsStandalone.Extensions.dll
Registered in 0.004857 seconds.
Native extension for WindowsStandalone target not found
Native extension for WebGL target not found
Refreshing native plugins compatible for Editor in 29.91 ms, found 1 plugins.
Preloading 0 native plugins for Editor in 0.00 ms.
Mono: successfully reloaded assembly
- Completed reload, in  1.306 seconds
Platform modules already initialized, skipping
Registering precompiled user dll's ...
Registered in 0.001361 seconds.
Begin MonoManager ReloadAssembly
Native extension for WindowsStandalone target not found
Native extension for WebGL target not found
Refreshing native plugins compatible for Editor in 30.36 ms, found 1 plugins.
Preloading 0 native plugins for Editor in 0.00 ms.
Mono: successfully reloaded assembly
- Completed reload, in  0.947 seconds
Platform modules already initialized, skipping
========================================================================
Worker process is ready to serve import requests
Launched and connected shader compiler UnityShaderCompiler.exe after 0.07 seconds
Refreshing native plugins compatible for Editor in 0.33 ms, found 1 plugins.
Preloading 0 native plugins for Editor in 0.00 ms.
Unloading 1808 Unused Serialized files (Serialized files now loaded: 0)
System memory in use before: 84.9 MB.
System memory in use after: 84.8 MB.

Unloading 24 unused Assets to reduce memory usage. Loaded Objects now: 2250.
Total: 2.313300 ms (FindLiveObjects: 0.361700 ms CreateObjectMapping: 0.124600 ms MarkObjects: 1.713800 ms  DeleteObjects: 0.111000 ms)

========================================================================
Received Import Request.
  path: Assets/Square.png
  artifactKey: Guid(0828c222c766aaa45b22c8a17ae411eb) Importer(815301076,1909f56bfc062723c751e8b465ee728b)
Start importing Assets/Square.png using Guid(0828c222c766aaa45b22c8a17ae411eb) Importer(815301076,1909f56bfc062723c751e8b465ee728b)  -> (artifact id: 'e31d0de2ad9a36028b5f06be10fa75c9') in 0.104344 seconds
  Import took 0.124269 seconds .

========================================================================
Received Import Request.
  Time since last request: 304.651124 seconds.
  path: Assets/Circle.png
  artifactKey: Guid(0cb5b70d1210a9f4caba18d717fc99d9) Importer(815301076,1909f56bfc062723c751e8b465ee728b)
Start importing Assets/Circle.png using Guid(0cb5b70d1210a9f4caba18d717fc99d9) Importer(815301076,1909f56bfc062723c751e8b465ee728b)  -> (artifact id: '8c423895df4b0716722c78f67340c845') in 0.015049 seconds
  Import took 0.030473 seconds .

AssetImportWorkerClient::OnTransportError - code=2 error=End of file
